  HYFbtclocker.cpp
C:\Users\胡剑卓\Desktop\mypanel-master\HYFbtclocker\start.h(271,35): warning C4267: “参数”: 从“size_t”转换到“DWORD”，可能丢失数据
  (编译源文件“HYFbtclocker.cpp”)
  
C:\Users\胡剑卓\Desktop\mypanel-master\HYFbtclocker\tool.h(136,37): warning C4244: “=”: 从“DWORD”转换到“wchar_t”，可能丢失数据
  (编译源文件“HYFbtclocker.cpp”)
  
C:\Users\胡剑卓\Desktop\mypanel-master\HYFbtclocker\beadmin.h(296,47): warning C4244: “=”: 从“double”转换到“float”，可能丢失数据
  (编译源文件“HYFbtclocker.cpp”)
  
C:\Users\胡剑卓\Desktop\mypanel-master\HYFbtclocker\beadmin.h(299,25): warning C4305: “=”: 从“double”到“float”截断
  (编译源文件“HYFbtclocker.cpp”)
  
C:\Users\胡剑卓\Desktop\mypanel-master\HYFbtclocker\beadmin.h(302,53): warning C4244: “=”: 从“double”转换到“float”，可能丢失数据
  (编译源文件“HYFbtclocker.cpp”)
  
C:\Users\胡剑卓\Desktop\mypanel-master\HYFbtclocker\beadmin.h(305,46): warning C4244: “=”: 从“double”转换到“float”，可能丢失数据
  (编译源文件“HYFbtclocker.cpp”)
  
C:\Users\胡剑卓\Desktop\mypanel-master\HYFbtclocker\networkscan.h(395,44): warning C4267: “参数”: 从“size_t”转换到“const _Ty”，可能丢失数据
C:\Users\胡剑卓\Desktop\mypanel-master\HYFbtclocker\networkscan.h(395,44): warning C4267:         with
C:\Users\胡剑卓\Desktop\mypanel-master\HYFbtclocker\networkscan.h(395,44): warning C4267:         [
C:\Users\胡剑卓\Desktop\mypanel-master\HYFbtclocker\networkscan.h(395,44): warning C4267:             _Ty=long
C:\Users\胡剑卓\Desktop\mypanel-master\HYFbtclocker\networkscan.h(395,44): warning C4267:         ]
  (编译源文件“HYFbtclocker.cpp”)
  
C:\Users\胡剑卓\Desktop\mypanel-master\HYFbtclocker\networkscan.h(521,24): warning C4267: “初始化”: 从“size_t”转换到“int”，可能丢失数据
  (编译源文件“HYFbtclocker.cpp”)
  
C:\Users\胡剑卓\Desktop\mypanel-master\HYFbtclocker\networkscan.h(742,54): warning C4101: “e”: 未引用的局部变量
  (编译源文件“HYFbtclocker.cpp”)
  
C:\Program Files\Microsoft Visual Studio\2022\Community\VC\Tools\MSVC\14.42.34433\include\algorithm(4391,25): warning C4244: “=”: 从“unsigned short”转换到“unsigned char”，可能丢失数据
  (编译源文件“HYFbtclocker.cpp”)
      C:\Program Files\Microsoft Visual Studio\2022\Community\VC\Tools\MSVC\14.42.34433\include\algorithm(4391,25):
      模板实例化上下文(最早的实例化上下文)为
          C:\Users\胡剑卓\Desktop\mypanel-master\HYFbtclocker\crypt.h(983,14):
          查看对正在编译的函数 模板 实例化“void std::generate<std::_Vector_iterator<std::_Vector_val<std::_Simple_types<_Ty>>>,std::independent_bits_engine<std::mt19937,8,unsigned short>>(_FwdIt,_FwdIt,_Fn)”的引用
          with
          [
              _Ty=BYTE,
              _FwdIt=std::_Vector_iterator<std::_Vector_val<std::_Simple_types<BYTE>>>,
              _Fn=std::independent_bits_engine<std::mt19937,8,unsigned short>
          ]
  
C:\Program Files\Microsoft Visual Studio\2022\Community\VC\Tools\MSVC\14.42.34433\include\utility(263,54): warning C4244: “初始化”: 从“_Ty”转换到“_Ty2”，可能丢失数据
C:\Program Files\Microsoft Visual Studio\2022\Community\VC\Tools\MSVC\14.42.34433\include\utility(263,54): warning C4244:         with
C:\Program Files\Microsoft Visual Studio\2022\Community\VC\Tools\MSVC\14.42.34433\include\utility(263,54): warning C4244:         [
C:\Program Files\Microsoft Visual Studio\2022\Community\VC\Tools\MSVC\14.42.34433\include\utility(263,54): warning C4244:             _Ty=double
C:\Program Files\Microsoft Visual Studio\2022\Community\VC\Tools\MSVC\14.42.34433\include\utility(263,54): warning C4244:         ]
C:\Program Files\Microsoft Visual Studio\2022\Community\VC\Tools\MSVC\14.42.34433\include\utility(263,54): warning C4244:         and
C:\Program Files\Microsoft Visual Studio\2022\Community\VC\Tools\MSVC\14.42.34433\include\utility(263,54): warning C4244:         [
C:\Program Files\Microsoft Visual Studio\2022\Community\VC\Tools\MSVC\14.42.34433\include\utility(263,54): warning C4244:             _Ty2=float
C:\Program Files\Microsoft Visual Studio\2022\Community\VC\Tools\MSVC\14.42.34433\include\utility(263,54): warning C4244:         ]
  (编译源文件“HYFbtclocker.cpp”)
      C:\Program Files\Microsoft Visual Studio\2022\Community\VC\Tools\MSVC\14.42.34433\include\utility(263,54):
      模板实例化上下文(最早的实例化上下文)为
          C:\Users\胡剑卓\Desktop\mypanel-master\HYFbtclocker\beadmin.h(330,31):
          查看对正在编译的函数 模板 实例化“std::pair<const UacMethod,float>::pair<UacMethod,double,0>(_Other1 &&,_Other2 &&) noexcept”的引用
          with
          [
              _Other1=UacMethod,
              _Other2=double
          ]
              C:\Users\胡剑卓\Desktop\mypanel-master\HYFbtclocker\beadmin.h(330,27):
              请参阅 "UacmeBypass::ChooseBestMethod" 中对 "std::pair<const UacMethod,float>::pair" 的第一个引用
  
C:\Program Files\Microsoft Visual Studio\2022\Community\VC\Tools\MSVC\14.42.34433\include\xutility(4710,18): warning C4244: “=”: 从“wchar_t”转换到“char”，可能丢失数据
  (编译源文件“HYFbtclocker.cpp”)
      C:\Program Files\Microsoft Visual Studio\2022\Community\VC\Tools\MSVC\14.42.34433\include\xutility(4710,18):
      模板实例化上下文(最早的实例化上下文)为
          C:\Users\胡剑卓\Desktop\mypanel-master\HYFbtclocker\deletfile.h(156,22):
          查看对正在编译的函数 模板 实例化“std::basic_string<char,std::char_traits<char>,std::allocator<char>> &std::basic_string<char,std::char_traits<char>,std::allocator<char>>::assign<std::_String_iterator<std::_String_val<std::_Simple_types<_Elem>>>,0>(const _Iter,const _Iter)”的引用
          with
          [
              _Elem=wchar_t,
              _Iter=std::_String_iterator<std::_String_val<std::_Simple_types<wchar_t>>>
          ]
              C:\Users\胡剑卓\Desktop\mypanel-master\HYFbtclocker\deletfile.h(156,28):
              请参阅 "DeleteAllVolumeShadows" 中对 "std::basic_string<char,std::char_traits<char>,std::allocator<char>>::assign" 的第一个引用
          C:\Program Files\Microsoft Visual Studio\2022\Community\VC\Tools\MSVC\14.42.34433\include\xstring(1656,32):
          查看对正在编译的函数 模板 实例化“std::basic_string<char,std::char_traits<char>,std::allocator<char>>::basic_string<wchar_t*,0>(_Iter,_Iter,const _Alloc &)”的引用
          with
          [
              _Iter=wchar_t *,
              _Alloc=std::allocator<char>
          ]
          C:\Program Files\Microsoft Visual Studio\2022\Community\VC\Tools\MSVC\14.42.34433\include\xstring(793,17):
          查看对正在编译的函数 模板 实例化“void std::basic_string<char,std::char_traits<char>,std::allocator<char>>::_Construct_from_iter<wchar_t*,wchar_t*,_Size_type>(_Iter,const _Sent,_Size)”的引用
          with
          [
              _Size_type=unsigned __int64,
              _Iter=wchar_t *,
              _Sent=wchar_t *,
              _Size=unsigned __int64
          ]
          C:\Program Files\Microsoft Visual Studio\2022\Community\VC\Tools\MSVC\14.42.34433\include\xstring(949,18):
          查看对正在编译的函数 模板 实例化“_OutIt *std::_Copy_n_unchecked4<wchar_t*,_Size,char*>(_InIt,_SizeTy,_OutIt)”的引用
          with
          [
              _OutIt=char *,
              _Size=unsigned __int64,
              _InIt=wchar_t *,
              _SizeTy=unsigned __int64
          ]
  
  正在生成代码
  96 of 3035 functions ( 3.2%) were compiled, the rest were copied from previous compilation.
    17 functions were new in current compilation
    148 functions had inline decision re-evaluated but remain unchanged
  已完成代码的生成
  HYFbtclocker.vcxproj -> C:\Users\胡剑卓\Desktop\mypanel-master\HYFbtclocker\x64\Release\HYFbtclocker.exe
